[30/Jul/2020:17:15:51] (I): WordPress Instance Info:
[30/Jul/2020:17:15:51] (I): Home URL : http://c21.0ad.myftpupload.com
[30/Jul/2020:17:15:51] (I): Site URL : http://c21.0ad.myftpupload.com
[30/Jul/2020:17:15:51] (I): WordPress Version : 5.4.2
[30/Jul/2020:17:15:51] (I): Onboarding Version : 1.0.1
[30/Jul/2020:17:15:51] (I): Multisite : No
[30/Jul/2020:17:15:51] (I): Server Info : Apache
[30/Jul/2020:17:15:51] (I): PHP Version : 7.3.12
[30/Jul/2020:17:15:51] (I): HTTPS : No
[30/Jul/2020:17:15:51] (I): PHP Max Execution Time : 300
[30/Jul/2020:17:15:51] (I): PHP Max Input Vars : 1000
[30/Jul/2020:17:15:51] (I): Max Upload Size : 104857600
[30/Jul/2020:17:15:51] (I): Plugins:
[30/Jul/2020:17:15:51] (I): [PLUGIN] Business Hours Indicator : v2.2.9 (Maarten Belmans)
[30/Jul/2020:17:15:51] (I): [PLUGIN] CoBlocks : v2.1.0 (GoDaddy)
[30/Jul/2020:17:15:51] (I): [PLUGIN] Contact Form 7 : v5.2 (Takayuki Miyoshi)
[30/Jul/2020:17:15:51] (I): [PLUGIN] Custom Adobe Fonts (Typekit) : v1.0.17 (Brainstorm Force)
[30/Jul/2020:17:15:51] (I): [PLUGIN] MINDBODY Login : v1.2.5 (MINDBODY)
[30/Jul/2020:17:15:51] (I): [PLUGIN] MINDBODY Widget : v1.1.20 (MINDBODY)
[30/Jul/2020:17:15:51] (I): [PLUGIN] Sucuri Security - Auditing, Malware Scanner and Hardening : v1.8.24 (Sucuri Inc.)
[30/Jul/2020:17:15:51] (I): [PLUGIN] Orbit Fox Companion : v2.9.12 (Themeisle)
[30/Jul/2020:17:15:51] (I): [PLUGIN] Yoast SEO : v14.6.1 (Team Yoast)
[30/Jul/2020:17:15:51] (I): [PLUGIN] WP101 Video Tutorials : v0.3 (WP101Plugin.com)
